[debug] [2025-01-22T22:45:30.275Z] ----------------------------------------------------------------------
[debug] [2025-01-22T22:45:30.277Z] Command:       C:\Program Files\nodejs\node.exe C:\Users\Asus\AppData\Roaming\npm\node_modules\firebase-tools\lib\bin\firebase.js init hosting
[debug] [2025-01-22T22:45:30.277Z] CLI Version:   13.29.1
[debug] [2025-01-22T22:45:30.277Z] Platform:      win32
[debug] [2025-01-22T22:45:30.277Z] Node Version:  v22.12.0
[debug] [2025-01-22T22:45:30.278Z] Time:          Wed Jan 22 2025 23:45:30 GMT+0100 (hora estándar de Europa central)
[debug] [2025-01-22T22:45:30.278Z] ----------------------------------------------------------------------
[debug] 
[debug] [2025-01-22T22:45:30.283Z] > command requires scopes: ["email","openid","https://www.googleapis.com/auth/cloudplatformprojects.readonly","https://www.googleapis.com/auth/firebase","https://www.googleapis.com/auth/cloud-platform"]
[debug] [2025-01-22T22:45:30.284Z] > authorizing via signed-in user (eduardovalmol646@gmail.com)
[info] 
     ######## #### ########  ######## ########     ###     ######  ########
     ##        ##  ##     ## ##       ##     ##  ##   ##  ##       ##
     ######    ##  ########  ######   ########  #########  ######  ######
     ##        ##  ##    ##  ##       ##     ## ##     ##       ## ##
     ##       #### ##     ## ######## ########  ##     ##  ######  ########

You're about to initialize a Firebase project in this directory:

  C:\Users\Asus\OneDrive\Escritorio\2daw\DWEC

[info] 
=== Project Setup
[info] 
[info] First, let's associate this project directory with a Firebase project.
[info] You can create multiple project aliases by running firebase use --add, 
[info] but for now we'll just set up a default project.
[info] 
[debug] [2025-01-22T22:45:34.304Z] Checked if tokens are valid: true, expires at: 1737587876262
[debug] [2025-01-22T22:45:34.304Z] Checked if tokens are valid: true, expires at: 1737587876262
[debug] [2025-01-22T22:45:34.305Z] >>> [apiv2][query] GET https://firebase.googleapis.com/v1beta1/projects pageSize=100
[debug] [2025-01-22T22:45:34.790Z] <<< [apiv2][status] GET https://firebase.googleapis.com/v1beta1/projects 200
[debug] [2025-01-22T22:45:34.790Z] <<< [apiv2][body] GET https://firebase.googleapis.com/v1beta1/projects [omitted]
[info] i  Using project ejercicio2fire-802e5 (EJERCICIO2FIRE) 
[info] 
=== Hosting Setup
[debug] [2025-01-22T22:45:36.260Z] Checked if tokens are valid: true, expires at: 1737587876262
[debug] [2025-01-22T22:45:36.260Z] Checked if tokens are valid: true, expires at: 1737587876262
[debug] [2025-01-22T22:45:36.260Z] >>> [apiv2][query] GET https://firebase.googleapis.com/v1beta1/projects/ejercicio2fire-802e5 [none]
[debug] [2025-01-22T22:45:36.454Z] <<< [apiv2][status] GET https://firebase.googleapis.com/v1beta1/projects/ejercicio2fire-802e5 200
[debug] [2025-01-22T22:45:36.455Z] <<< [apiv2][body] GET https://firebase.googleapis.com/v1beta1/projects/ejercicio2fire-802e5 {"projectId":"ejercicio2fire-802e5","projectNumber":"577376775166","displayName":"EJERCICIO2FIRE","name":"projects/ejercicio2fire-802e5","resources":{"hostingSite":"ejercicio2fire-802e5"},"state":"ACTIVE","etag":"1_77fb9f8e-d535-41a9-8322-f47c72b3e0bd"}
[info] 
[info] Your public directory is the folder (relative to your project directory) that
[info] will contain Hosting assets to be uploaded with firebase deploy. If you
[info] have a build process for your assets, use your build's output directory.
[info] 
[debug] [2025-01-22T22:45:57.312Z] >>> [apiv2][query] GET https://www.gstatic.com/firebasejs/releases.json [none]
[debug] [2025-01-22T22:45:57.490Z] <<< [apiv2][status] GET https://www.gstatic.com/firebasejs/releases.json 200
[debug] [2025-01-22T22:45:57.490Z] <<< [apiv2][body] GET https://www.gstatic.com/firebasejs/releases.json {"current":{"version":"11.2.0","browserURL":"https://www.gstatic.com/firebasejs/11.2.0/firebase.js","packageURL":"https://www.gstatic.com/firebasejs/11.2.0/firebase.tgz"},"live":{"version":"11.2","browserURL":"https://www.gstatic.com/firebasejs/live/11.2/firebase.js","packageURL":"https://www.gstatic.com/firebasejs/live/11.2/firebase.tgz"},"components":{"analytics":"https://www.gstatic.com/firebasejs/11.2.0/firebase-analytics.js","app":"https://www.gstatic.com/firebasejs/11.2.0/firebase-app.js","app-check":"https://www.gstatic.com/firebasejs/11.2.0/firebase-app-check.js","auth":"https://www.gstatic.com/firebasejs/11.2.0/firebase-auth.js","auth/cordova":"https://www.gstatic.com/firebasejs/11.2.0/firebase-auth/cordova.js","auth/web-extension":"https://www.gstatic.com/firebasejs/11.2.0/firebase-auth/web-extension.js","functions":"https://www.gstatic.com/firebasejs/11.2.0/firebase-functions.js","firestore":"https://www.gstatic.com/firebasejs/11.2.0/firebase-firestore.js","firestore/lite":"https://www.gstatic.com/firebasejs/11.2.0/firebase-firestore/lite.js","installations":"https://www.gstatic.com/firebasejs/11.2.0/firebase-installations.js","storage":"https://www.gstatic.com/firebasejs/11.2.0/firebase-storage.js","performance":"https://www.gstatic.com/firebasejs/11.2.0/firebase-performance.js","remote-config":"https://www.gstatic.com/firebasejs/11.2.0/firebase-remote-config.js","messaging":"https://www.gstatic.com/firebasejs/11.2.0/firebase-messaging.js","messaging/sw":"https://www.gstatic.com/firebasejs/11.2.0/firebase-messaging/sw.js","database":"https://www.gstatic.com/firebasejs/11.2.0/firebase-database.js","vertexai":"https://www.gstatic.com/firebasejs/11.2.0/firebase-vertexai.js","data-connect":"https://www.gstatic.com/firebasejs/11.2.0/firebase-data-connect.js","firestore.memory":"https://www.gstatic.com/firebasejs/11.2.0/firebase-firestore.memory.js"}}
[info] i  dist/index.html is unchanged 
[info] 
[info] i  Detected a .git folder at C:\Users\Asus\OneDrive\Escritorio\2daw\DWEC 
[info] i  Authorizing with GitHub to upload your service account to a GitHub repository's secrets store. 
[info] 
[info] Visit this URL on this device to log in:
[info] https://github.com/login/oauth/authorize?client_id=89cf50f02ac6aaed3484&state=468847238&redirect_uri=http%3A%2F%2Flocalhost%3A9005&scope=read%3Auser%20repo%20public_repo
[info] 
[info] Waiting for authentication...
[debug] [2025-01-22T22:45:58.082Z] >>> [apiv2][query] POST https://github.com/login/oauth/access_token [none]
[debug] [2025-01-22T22:45:58.082Z] >>> [apiv2][body] POST https://github.com/login/oauth/access_token [stream]
[debug] [2025-01-22T22:45:58.516Z] <<< [apiv2][status] POST https://github.com/login/oauth/access_token 200
[debug] [2025-01-22T22:45:58.516Z] <<< [apiv2][body] POST https://github.com/login/oauth/access_token {"access_token":"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","token_type":"bearer","scope":"read:user,repo"}
[debug] [2025-01-22T22:45:58.519Z] >>> [apiv2][query] GET https://api.github.com/user [none]
[debug] [2025-01-22T22:45:59.081Z] <<< [apiv2][status] GET https://api.github.com/user 200
[debug] [2025-01-22T22:45:59.081Z] <<< [apiv2][body] GET https://api.github.com/user {"login":"Edu646","id":121091822,"node_id":"U_kgDOBze27g","avatar_url":"https://avatars.githubusercontent.com/u/121091822?v=4","gravatar_id":"","url":"https://api.github.com/users/Edu646","html_url":"https://github.com/Edu646","followers_url":"https://api.github.com/users/Edu646/followers","following_url":"https://api.github.com/users/Edu646/following{/other_user}","gists_url":"https://api.github.com/users/Edu646/gists{/gist_id}","starred_url":"https://api.github.com/users/Edu646/starred{/owner}{/repo}","subscriptions_url":"https://api.github.com/users/Edu646/subscriptions","organizations_url":"https://api.github.com/users/Edu646/orgs","repos_url":"https://api.github.com/users/Edu646/repos","events_url":"https://api.github.com/users/Edu646/events{/privacy}","received_events_url":"https://api.github.com/users/Edu646/received_events","type":"User","user_view_type":"private","site_admin":false,"name":"Eduardo Valero Molina","company":null,"blog":"","location":null,"email":null,"hireable":null,"bio":null,"twitter_username":null,"notification_email":null,"public_repos":12,"public_gists":0,"followers":0,"following":0,"created_at":"2022-12-20T09:12:31Z","updated_at":"2025-01-10T17:52:49Z","private_gists":0,"total_private_repos":5,"owned_private_repos":5,"disk_usage":87767,"collaborators":0,"two_factor_authentication":true,"plan":{"name":"free","space":976562499,"collaborators":0,"private_repos":10000}}
[info] 
[info] +  Success! Logged into GitHub as Edu646 
[info] 
